<?xml version="1.0" encoding="UTF-8"?>
<!-- Generated by org.testng.reporters.JUnitReportReporter -->
<testsuite hostname="AUSYDEVDIBT0199" failures="0" tests="2" name="loginTest.LoginTest" time="6.789" errors="0" timestamp="2023-09-27T01:49:11 AEST" skipped="0">
  <testcase classname="loginTest.LoginTest" name="validLoginTest" time="3.228"/>
  <system-out/>
  <testcase classname="loginTest.LoginTest" name="invalidLoginTest" time="3.561"/>
  <system-out/>
</testsuite> <!-- loginTest.LoginTest -->
