<?xml version="1.0" encoding="UTF-8"?>
<!-- Generated by org.testng.reporters.JUnitReportReporter -->
<testsuite hostname="INPUNCLCMGT253" failures="0" tests="1" name="timesheetTest.TimesheetTest" time="5.450" errors="0" timestamp="2023-09-28T16:46:30 IST" skipped="0">
  <testcase classname="timesheetTest.TimesheetTest" name="testEmployeeToCreateTimesheet" time="5.450"/>
</testsuite> <!-- timesheetTest.TimesheetTest -->
