<?xml version="1.0" encoding="UTF-8"?>
<!-- Generated by org.testng.reporters.JUnitReportReporter -->
<testsuite hostname="INMBICL1YZZ1Z2" failures="0" tests="1" name="loginTest.LoginTest" time="0.000" errors="0" timestamp="2023-09-26T19:13:34 IST" skipped="1">
  <testcase classname="loginTest.LoginTest" name="validLoginTest" time="0.000">
    <skipped/>
  </testcase> <!-- validLoginTest -->
  <system-out/>
</testsuite> <!-- loginTest.LoginTest -->
