<?xml version="1.0" encoding="UTF-8"?>
<!-- Generated by org.testng.reporters.JUnitReportReporter -->
<testsuite hostname="AUSYDEVDIBT0199" failures="0" tests="7" name="dashboardTest.DashboardTest" time="1.071" errors="0" timestamp="2023-09-27T03:22:33 AEST" skipped="0">
  <testcase classname="dashboardTest.DashboardTest" name="testMyInfoLinkPresence" time="0.095"/>
  <system-out/>
  <testcase classname="dashboardTest.DashboardTest" name="testDirectoryLinkPresence" time="0.060"/>
  <system-out/>
  <testcase classname="dashboardTest.DashboardTest" name="testPerformanceLinkPresence" time="0.094"/>
  <system-out/>
  <testcase classname="dashboardTest.DashboardTest" name="testMaintenanceLinkPresence" time="0.062"/>
  <system-out/>
  <testcase classname="dashboardTest.DashboardTest" name="testClaimLinkPresence" time="0.068"/>
  <system-out/>
  <testcase classname="dashboardTest.DashboardTest" name="testRecruitmentLinkPresence" time="0.069"/>
  <system-out/>
  <testcase classname="dashboardTest.DashboardTest" name="testAdminLinkPresence" time="0.623"/>
  <system-out/>
</testsuite> <!-- dashboardTest.DashboardTest -->
