<?xml version="1.0" encoding="UTF-8"?>
<!-- Generated by org.testng.reporters.JUnitReportReporter -->
<testsuite hostname="INMBICLG2XT6G3" failures="0" tests="1" name="loginTest.LoginTest" time="4.698" errors="0" timestamp="2023-09-26T20:17:28 IST" skipped="0">
  <testcase classname="loginTest.LoginTest" name="validLoginTest" time="4.698"/>
</testsuite> <!-- loginTest.LoginTest -->
